#
# There is insufficient memory for the Java Runtime Environment to continue.
# Native memory allocation (mmap) failed to map 60817408 bytes for Failed to commit area from 0x000000008b600000 to 0x000000008f000000 of length 60817408.
# Possible reasons:
#   The system is out of physical RAM or swap space
#   The process is running with CompressedOops enabled, and the Java Heap may be blocking the growth of the native heap
# Possible solutions:
#   Reduce memory load on the system
#   Increase physical memory or swap space
#   Check if swap backing store is full
#   Decrease Java heap size (-Xmx/-Xms)
#   Decrease number of Java threads
#   Decrease Java thread stack sizes (-Xss)
#   Set larger code cache with -XX:ReservedCodeCacheSize=
#   JVM is running with Unscaled Compressed Oops mode in which the Java heap is
#     placed in the first 4GB address space. The Java Heap base address is the
#     maximum limit for the native heap growth. Please use -XX:HeapBaseMinAddress
#     to set the Java Heap base and to place the Java Heap above 4GB virtual address.
# This output file may be truncated or incomplete.
#
#  Out of Memory Error (t:/workspace/open/src/hotspot/os/windows/os_windows.cpp:3264), pid=4028, tid=31860
#
# JRE version: Java(TM) SE Runtime Environment (12.0.2+10) (build 12.0.2+10)
# Java VM: Java HotSpot(TM) 64-Bit Server VM (12.0.2+10, mixed mode, sharing, tiered, compressed oops, g1 gc, windows-amd64)
# No core dump will be written. Minidumps are not enabled by default on client versions of Windows
#

---------------  S U M M A R Y ------------

Command Line: -Dfile.encoding=UTF-8 --module-path=C:\Users\13321\eclipse-workspace\myproject\MyQQ1\bin;D:\IEDownload\jsoup-1.13.1.jar -Djdk.module.main=MyQQ MyQQ/myQQ.test

Host: Intel(R) Core(TM) i5-8250U CPU @ 1.60GHz, 8 cores, 7G,  Windows 10 , 64 bit Build 19041 (10.0.19041.928)
Time: Fri May  7 17:55:59 2021 中国标准时间 elapsed time: 2 seconds (0d 0h 0m 2s)

---------------  T H R E A D  ---------------

Current thread (0x00000292ffd09800):  VMThread "VM Thread" [stack: 0x000000f930b00000,0x000000f930c00000] [id=31860]

Stack: [0x000000f930b00000,0x000000f930c00000]
[error occurred during error reporting (printing stack bounds), id 0xc0000005, EXCEPTION_ACCESS_VIOLATION (0xc0000005) at pc=0x0000029280000bad]

Native frames: (J=compiled Java code, j=interpreted, Vv=VM code, C=native code)
V  [jvm.dll+0x63aa2a]
V  [jvm.dll+0x78ce1e]
V  [jvm.dll+0x78e4c1]
V  [jvm.dll+0x78ea75]
V  [jvm.dll+0x78ea2b]
V  [jvm.dll+0x63a134]
V  [jvm.dll+0x63a4f8]
C  [ntdll.dll+0xa207f]
C  [ntdll.dll+0x51454]
C  [ntdll.dll+0xa0bae]
C  0x0000029280000bad

VM_Operation (0x000000f9321fedd0): G1CollectForAllocation, mode: safepoint, requested by thread 0x0000029293b7f800


---------------  P R O C E S S  ---------------

Threads class SMR info:
_java_thread_list=0x0000029292e23860, length=17, elements={
0x00000292ffd0b800, 0x00000292ffd0d800, 0x00000292ffd2b000, 0x00000292ffd2d000,
0x00000292ffd2f000, 0x00000292ffd39000, 0x0000029291808800, 0x00000292ffcf3000,
0x0000029291a2c800, 0x0000029291c1a800, 0x0000029291bad000, 0x0000029291be0800,
0x0000029291c26000, 0x000002929307f000, 0x0000029293b85000, 0x0000029293b7f800,
0x0000029293b86000
}

Java Threads: ( => current thread )
  0x00000292ffd0b800 JavaThread "Reference Handler" daemon [_thread_blocked, id=62652, stack(0x000000f930c00000,0x000000f930d00000)]
  0x00000292ffd0d800 JavaThread "Finalizer" daemon [_thread_blocked, id=33232, stack(0x000000f930d00000,0x000000f930e00000)]
  0x00000292ffd2b000 JavaThread "Signal Dispatcher" daemon [_thread_blocked, id=10592, stack(0x000000f930e00000,0x000000f930f00000)]
  0x00000292ffd2d000 JavaThread "Attach Listener" daemon [_thread_blocked, id=39080, stack(0x000000f930f00000,0x000000f931000000)]
  0x00000292ffd2f000 JavaThread "C2 CompilerThread0" daemon [_thread_blocked, id=36872, stack(0x000000f931000000,0x000000f931100000)]
  0x00000292ffd39000 JavaThread "C1 CompilerThread0" daemon [_thread_blocked, id=44472, stack(0x000000f931100000,0x000000f931200000)]
  0x0000029291808800 JavaThread "Sweeper thread" daemon [_thread_blocked, id=13188, stack(0x000000f931200000,0x000000f931300000)]
  0x00000292ffcf3000 JavaThread "Common-Cleaner" daemon [_thread_blocked, id=17848, stack(0x000000f931300000,0x000000f931400000)]
  0x0000029291a2c800 JavaThread "Service Thread" daemon [_thread_blocked, id=23028, stack(0x000000f931400000,0x000000f931500000)]
  0x0000029291c1a800 JavaThread "Java2D Disposer" daemon [_thread_blocked, id=1068, stack(0x000000f931600000,0x000000f931700000)]
  0x0000029291bad000 JavaThread "AWT-Shutdown" [_thread_blocked, id=33616, stack(0x000000f931700000,0x000000f931800000)]
  0x0000029291be0800 JavaThread "AWT-Windows" daemon [_thread_blocked, id=49292, stack(0x000000f931800000,0x000000f931900000)]
  0x0000029291c26000 JavaThread "AWT-EventQueue-0" [_thread_blocked, id=58792, stack(0x000000f931900000,0x000000f931a00000)]
  0x000002929307f000 JavaThread "Thread-0" [_thread_in_native, id=45016, stack(0x000000f931e00000,0x000000f931f00000)]
  0x0000029293b85000 JavaThread "TimerQueue" daemon [_thread_blocked, id=41420, stack(0x000000f931f00000,0x000000f932000000)]
  0x0000029293b7f800 JavaThread "Thread-1" [_thread_blocked, id=63456, stack(0x000000f932100000,0x000000f932200000)]
  0x0000029293b86000 JavaThread "DestroyJavaVM" [_thread_blocked, id=59512, stack(0x000000f930500000,0x000000f930600000)]

Other Threads:
=>0x00000292ffd09800 VMThread "VM Thread" [stack: 0x000000f930b00000,0x000000f930c00000] [id=31860]
  0x0000029291a47800 WatcherThread [stack: 0x000000f931500000,0x000000f931600000] [id=56936]
  0x00000292f18b5800 GCTaskThread "GC Thread#0" [stack: 0x000000f930600000,0x000000f930700000] [id=56836]
  0x00000292f1874800 GCTaskThread "GC Thread#1" [stack: 0x000000f932200000,0x000000f932300000] [id=28564]
  0x0000029291c7f000 GCTaskThread "GC Thread#2" [stack: 0x000000f932300000,0x000000f932400000] [id=48068]
  0x0000029292cc0800 GCTaskThread "GC Thread#3" [stack: 0x000000f932400000,0x000000f932500000] [id=52816]
  0x00000292951f8800 GCTaskThread "GC Thread#4" [stack: 0x000000f932500000,0x000000f932600000] [id=43012]
  0x0000029291f48800 GCTaskThread "GC Thread#5" [stack: 0x000000f932600000,0x000000f932700000] [id=43708]
  0x0000029291f47000 GCTaskThread "GC Thread#6" [stack: 0x000000f932700000,0x000000f932800000] [id=42244]
  0x0000029291f44800 GCTaskThread "GC Thread#7" [stack: 0x000000f932800000,0x000000f932900000] [id=24536]
  0x00000292f1903800 ConcurrentGCThread "G1 Main Marker" [stack: 0x000000f930700000,0x000000f930800000] [id=13564]
  0x00000292f1906800 ConcurrentGCThread "G1 Conc#0" [stack: 0x000000f930800000,0x000000f930900000] [id=44832]
  0x00000292ffb87800 ConcurrentGCThread "G1 Refine#0" [stack: 0x000000f930900000,0x000000f930a00000] [id=17500]
  0x00000292ffb88800 ConcurrentGCThread "G1 Young RemSet Sampling" [stack: 0x000000f930a00000,0x000000f930b00000] [id=44516]

Threads with active compile tasks:

VM state:at safepoint (normal execution)

VM Mutex/Monitor currently owned by a thread:  ([mutex/lock_event])
[0x00000292f1871e90] Threads_lock - owner thread: 0x00000292ffd09800
[0x00000292f1870660] Heap_lock - owner thread: 0x0000029293b7f800

Heap address: 0x0000000081c00000, size: 2020 MB, Compressed Oops mode: 32-bit
Narrow klass base: 0x0000000800000000, Narrow klass shift: 3
Compressed class space size: 1073741824 Address: 0x0000000801190000

Heap:
 garbage-first heap   total 217088K, used 6627K [0x0000000081c00000, 0x0000000100000000)
  region size 1024K, 1 young (1024K), 1 survivors (1024K)
 Metaspace       used 11983K, capacity 12389K, committed 12416K, reserved 1060864K
  class space    used 1453K, capacity 1650K, committed 1664K, reserved 1048576K
Heap Regions: E=young(eden), S=young(survivor), O=old, HS=humongous(starts), HC=humongous(continues), CS=collection set, F=free, A=archive, TAMS=top-at-mark-start (previous, next)
|   0|0x0000000081c00000, 0x0000000081d00000, 0x0000000081d00000|100%| O|  |TAMS 0x0000000081c00000, 0x0000000081c00000| Untracked 
|   1|0x0000000081d00000, 0x0000000081d00000, 0x0000000081e00000|  0%| F|  |TAMS 0x0000000081d00000, 0x0000000081d00000| Untracked 
|   2|0x0000000081e00000, 0x0000000081e00000, 0x0000000081f00000|  0%| F|  |TAMS 0x0000000081e00000, 0x0000000081e00000| Untracked 
|   3|0x0000000081f00000, 0x0000000082000000, 0x0000000082000000|100%| O|  |TAMS 0x0000000081f00000, 0x0000000081f00000| Untracked 
|   4|0x0000000082000000, 0x0000000082075e00, 0x0000000082100000| 46%| O|  |TAMS 0x0000000082000000, 0x0000000082000000| Untracked 
|   5|0x0000000082100000, 0x0000000082100000, 0x0000000082200000|  0%| F|  |TAMS 0x0000000082100000, 0x0000000082100000| Untracked 
|   6|0x0000000082200000, 0x0000000082200000, 0x0000000082300000|  0%| F|  |TAMS 0x0000000082200000, 0x0000000082200000| Untracked 
|   7|0x0000000082300000, 0x0000000082300000, 0x0000000082400000|  0%| F|  |TAMS 0x0000000082300000, 0x0000000082300000| Untracked 
|   8|0x0000000082400000, 0x0000000082400000, 0x0000000082500000|  0%| F|  |TAMS 0x0000000082400000, 0x0000000082400000| Untracked 
|   9|0x0000000082500000, 0x0000000082600000, 0x0000000082600000|100%|HS|  |TAMS 0x0000000082500000, 0x0000000082500000| Complete 
|  10|0x0000000082600000, 0x0000000082700000, 0x0000000082700000|100%|HC|  |TAMS 0x0000000082600000, 0x0000000082600000| Complete 
|  11|0x0000000082700000, 0x0000000082800000, 0x0000000082800000|100%| O|  |TAMS 0x0000000082700000, 0x0000000082700000| Untracked 
|  12|0x0000000082800000, 0x0000000082900000, 0x0000000082900000|100%| O|  |TAMS 0x0000000082800000, 0x0000000082800000| Untracked 
|  13|0x0000000082900000, 0x0000000082900000, 0x0000000082a00000|  0%| F|  |TAMS 0x0000000082900000, 0x0000000082900000| Untracked 
|  14|0x0000000082a00000, 0x0000000082a00000, 0x0000000082b00000|  0%| F|  |TAMS 0x0000000082a00000, 0x0000000082a00000| Untracked 
|  15|0x0000000082b00000, 0x0000000082b00000, 0x0000000082c00000|  0%| F|  |TAMS 0x0000000082b00000, 0x0000000082b00000| Untracked 
|  16|0x0000000082c00000, 0x0000000082c00000, 0x0000000082d00000|  0%| F|  |TAMS 0x0000000082c00000, 0x0000000082c00000| Untracked 
|  17|0x0000000082d00000, 0x0000000082d00000, 0x0000000082e00000|  0%| F|  |TAMS 0x0000000082d00000, 0x0000000082d00000| Untracked 
|  18|0x0000000082e00000, 0x0000000082e00000, 0x0000000082f00000|  0%| F|  |TAMS 0x0000000082e00000, 0x0000000082e00000| Untracked 
|  19|0x0000000082f00000, 0x0000000082f00000, 0x0000000083000000|  0%| F|  |TAMS 0x0000000082f00000, 0x0000000082f00000| Untracked 
|  20|0x0000000083000000, 0x0000000083000000, 0x0000000083100000|  0%| F|  |TAMS 0x0000000083000000, 0x0000000083000000| Untracked 
|  21|0x0000000083100000, 0x0000000083100000, 0x0000000083200000|  0%| F|  |TAMS 0x0000000083100000, 0x0000000083100000| Untracked 
|  22|0x0000000083200000, 0x0000000083200000, 0x0000000083300000|  0%| F|  |TAMS 0x0000000083200000, 0x0000000083200000| Untracked 
|  23|0x0000000083300000, 0x0000000083300000, 0x0000000083400000|  0%| F|  |TAMS 0x0000000083300000, 0x0000000083300000| Untracked 
|  24|0x0000000083400000, 0x0000000083400000, 0x0000000083500000|  0%| F|  |TAMS 0x0000000083400000, 0x0000000083400000| Untracked 
|  25|0x0000000083500000, 0x0000000083500000, 0x0000000083600000|  0%| F|  |TAMS 0x0000000083500000, 0x0000000083500000| Untracked 
|  26|0x0000000083600000, 0x0000000083600000, 0x0000000083700000|  0%| F|  |TAMS 0x0000000083600000, 0x0000000083600000| Untracked 
|  27|0x0000000083700000, 0x0000000083700000, 0x0000000083800000|  0%| F|  |TAMS 0x0000000083700000, 0x0000000083700000| Untracked 
|  28|0x0000000083800000, 0x0000000083800000, 0x0000000083900000|  0%| F|  |TAMS 0x0000000083800000, 0x0000000083800000| Untracked 
|  29|0x0000000083900000, 0x0000000083900000, 0x0000000083a00000|  0%| F|  |TAMS 0x0000000083900000, 0x0000000083900000| Untracked 
|  30|0x0000000083a00000, 0x0000000083a00000, 0x0000000083b00000|  0%| F|  |TAMS 0x0000000083a00000, 0x0000000083a00000| Untracked 
|  31|0x0000000083b00000, 0x0000000083b00000, 0x0000000083c00000|  0%| F|  |TAMS 0x0000000083b00000, 0x0000000083b00000| Untracked 
|  32|0x0000000083c00000, 0x0000000083c00000, 0x0000000083d00000|  0%| F|  |TAMS 0x0000000083c00000, 0x0000000083c00000| Untracked 
|  33|0x0000000083d00000, 0x0000000083d00000, 0x0000000083e00000|  0%| F|  |TAMS 0x0000000083d00000, 0x0000000083d00000| Untracked 
|  34|0x0000000083e00000, 0x0000000083e00000, 0x0000000083f00000|  0%| F|  |TAMS 0x0000000083e00000, 0x0000000083e00000| Untracked 
|  35|0x0000000083f00000, 0x0000000083f00000, 0x0000000084000000|  0%| F|  |TAMS 0x0000000083f00000, 0x0000000083f00000| Untracked 
|  36|0x0000000084000000, 0x0000000084000000, 0x0000000084100000|  0%| F|  |TAMS 0x0000000084000000, 0x0000000084000000| Untracked 
|  37|0x0000000084100000, 0x0000000084100000, 0x0000000084200000|  0%| F|  |TAMS 0x0000000084100000, 0x0000000084100000| Untracked 
|  38|0x0000000084200000, 0x0000000084200000, 0x0000000084300000|  0%| F|  |TAMS 0x0000000084200000, 0x0000000084200000| Untracked 
|  39|0x0000000084300000, 0x0000000084300000, 0x0000000084400000|  0%| F|  |TAMS 0x0000000084300000, 0x0000000084300000| Untracked 
|  40|0x0000000084400000, 0x0000000084400000, 0x0000000084500000|  0%| F|  |TAMS 0x0000000084400000, 0x0000000084400000| Untracked 
|  41|0x0000000084500000, 0x0000000084500000, 0x0000000084600000|  0%| F|  |TAMS 0x0000000084500000, 0x0000000084500000| Untracked 
|  42|0x0000000084600000, 0x0000000084600000, 0x0000000084700000|  0%| F|  |TAMS 0x0000000084600000, 0x0000000084600000| Untracked 
|  43|0x0000000084700000, 0x0000000084700000, 0x0000000084800000|  0%| F|  |TAMS 0x0000000084700000, 0x0000000084700000| Untracked 
|  44|0x0000000084800000, 0x0000000084800000, 0x0000000084900000|  0%| F|  |TAMS 0x0000000084800000, 0x0000000084800000| Untracked 
|  45|0x0000000084900000, 0x0000000084900000, 0x0000000084a00000|  0%| F|  |TAMS 0x0000000084900000, 0x0000000084900000| Untracked 
|  46|0x0000000084a00000, 0x0000000084a00000, 0x0000000084b00000|  0%| F|  |TAMS 0x0000000084a00000, 0x0000000084a00000| Untracked 
|  47|0x0000000084b00000, 0x0000000084b00000, 0x0000000084c00000|  0%| F|  |TAMS 0x0000000084b00000, 0x0000000084b00000| Untracked 
|  48|0x0000000084c00000, 0x0000000084c00000, 0x0000000084d00000|  0%| F|  |TAMS 0x0000000084c00000, 0x0000000084c00000| Untracked 
|  49|0x0000000084d00000, 0x0000000084d00000, 0x0000000084e00000|  0%| F|  |TAMS 0x0000000084d00000, 0x0000000084d00000| Untracked 
|  50|0x0000000084e00000, 0x0000000084e00000, 0x0000000084f00000|  0%| F|  |TAMS 0x0000000084e00000, 0x0000000084e00000| Untracked 
|  51|0x0000000084f00000, 0x0000000084f00000, 0x0000000085000000|  0%| F|  |TAMS 0x0000000084f00000, 0x0000000084f00000| Untracked 
|  52|0x0000000085000000, 0x0000000085000000, 0x0000000085100000|  0%| F|  |TAMS 0x0000000085000000, 0x0000000085000000| Untracked 
|  53|0x0000000085100000, 0x0000000085100000, 0x0000000085200000|  0%| F|  |TAMS 0x0000000085100000, 0x0000000085100000| Untracked 
|  54|0x0000000085200000, 0x0000000085200000, 0x0000000085300000|  0%| F|  |TAMS 0x0000000085200000, 0x0000000085200000| Untracked 
|  55|0x0000000085300000, 0x0000000085300000, 0x0000000085400000|  0%| F|  |TAMS 0x0000000085300000, 0x0000000085300000| Untracked 
|  56|0x0000000085400000, 0x0000000085400000, 0x0000000085500000|  0%| F|  |TAMS 0x0000000085400000, 0x0000000085400000| Untracked 
|  57|0x0000000085500000, 0x0000000085500000, 0x0000000085600000|  0%| F|  |TAMS 0x0000000085500000, 0x0000000085500000| Untracked 
|  58|0x0000000085600000, 0x0000000085600000, 0x0000000085700000|  0%| F|  |TAMS 0x0000000085600000, 0x0000000085600000| Untracked 
|  59|0x0000000085700000, 0x0000000085700000, 0x0000000085800000|  0%| F|  |TAMS 0x0000000085700000, 0x0000000085700000| Untracked 
|  60|0x0000000085800000, 0x0000000085800000, 0x0000000085900000|  0%| F|  |TAMS 0x0000000085800000, 0x0000000085800000| Untracked 
|  61|0x0000000085900000, 0x0000000085903060, 0x0000000085a00000|  1%| S|CS|TAMS 0x0000000085900000, 0x0000000085900000| Complete 
|  62|0x0000000085a00000, 0x0000000085a00000, 0x0000000085b00000|  0%| F|  |TAMS 0x0000000085a00000, 0x0000000085a00000| Untracked 
|  63|0x0000000085b00000, 0x0000000085b00000, 0x0000000085c00000|  0%| F|  |TAMS 0x0000000085b00000, 0x0000000085b00000| Untracked 
|  64|0x0000000085c00000, 0x0000000085c00000, 0x0000000085d00000|  0%| F|  |TAMS 0x0000000085c00000, 0x0000000085c00000| Untracked 
|  65|0x0000000085d00000, 0x0000000085d00000, 0x0000000085e00000|  0%| F|  |TAMS 0x0000000085d00000, 0x0000000085d00000| Untracked 
|  66|0x0000000085e00000, 0x0000000085e00000, 0x0000000085f00000|  0%| F|  |TAMS 0x0000000085e00000, 0x0000000085e00000| Untracked 
|  67|0x0000000085f00000, 0x0000000085f00000, 0x0000000086000000|  0%| F|  |TAMS 0x0000000085f00000, 0x0000000085f00000| Untracked 
|  68|0x0000000086000000, 0x0000000086000000, 0x0000000086100000|  0%| F|  |TAMS 0x0000000086000000, 0x0000000086000000| Untracked 
|  69|0x0000000086100000, 0x0000000086100000, 0x0000000086200000|  0%| F|  |TAMS 0x0000000086100000, 0x0000000086100000| Untracked 
|  70|0x0000000086200000, 0x0000000086200000, 0x0000000086300000|  0%| F|  |TAMS 0x0000000086200000, 0x0000000086200000| Untracked 
|  71|0x0000000086300000, 0x0000000086300000, 0x0000000086400000|  0%| F|  |TAMS 0x0000000086300000, 0x0000000086300000| Untracked 
|  72|0x0000000086400000, 0x0000000086400000, 0x0000000086500000|  0%| F|  |TAMS 0x0000000086400000, 0x0000000086400000| Untracked 
|  73|0x0000000086500000, 0x0000000086500000, 0x0000000086600000|  0%| F|  |TAMS 0x0000000086500000, 0x0000000086500000| Untracked 
|  74|0x0000000086600000, 0x0000000086600000, 0x0000000086700000|  0%| F|  |TAMS 0x0000000086600000, 0x0000000086600000| Untracked 
|  75|0x0000000086700000, 0x0000000086700000, 0x0000000086800000|  0%| F|  |TAMS 0x0000000086700000, 0x0000000086700000| Untracked 
|  76|0x0000000086800000, 0x0000000086800000, 0x0000000086900000|  0%| F|  |TAMS 0x0000000086800000, 0x0000000086800000| Untracked 
|  77|0x0000000086900000, 0x0000000086900000, 0x0000000086a00000|  0%| F|  |TAMS 0x0000000086900000, 0x0000000086900000| Untracked 
|  78|0x0000000086a00000, 0x0000000086a00000, 0x0000000086b00000|  0%| F|  |TAMS 0x0000000086a00000, 0x0000000086a00000| Untracked 
|  79|0x0000000086b00000, 0x0000000086b00000, 0x0000000086c00000|  0%| F|  |TAMS 0x0000000086b00000, 0x0000000086b00000| Untracked 
|  80|0x0000000086c00000, 0x0000000086c00000, 0x0000000086d00000|  0%| F|  |TAMS 0x0000000086c00000, 0x0000000086c00000| Untracked 
|  81|0x0000000086d00000, 0x0000000086d00000, 0x0000000086e00000|  0%| F|  |TAMS 0x0000000086d00000, 0x0000000086d00000| Untracked 
|  82|0x0000000086e00000, 0x0000000086e00000, 0x0000000086f00000|  0%| F|  |TAMS 0x0000000086e00000, 0x0000000086e00000| Untracked 
|  83|0x0000000086f00000, 0x0000000086f00000, 0x0000000087000000|  0%| F|  |TAMS 0x0000000086f00000, 0x0000000086f00000| Untracked 
|  84|0x0000000087000000, 0x0000000087000000, 0x0000000087100000|  0%| F|  |TAMS 0x0000000087000000, 0x0000000087000000| Untracked 
|  85|0x0000000087100000, 0x0000000087100000, 0x0000000087200000|  0%| F|  |TAMS 0x0000000087100000, 0x0000000087100000| Untracked 
|  86|0x0000000087200000, 0x0000000087200000, 0x0000000087300000|  0%| F|  |TAMS 0x0000000087200000, 0x0000000087200000| Untracked 
|  87|0x0000000087300000, 0x0000000087300000, 0x0000000087400000|  0%| F|  |TAMS 0x0000000087300000, 0x0000000087300000| Untracked 
|  88|0x0000000087400000, 0x0000000087400000, 0x0000000087500000|  0%| F|  |TAMS 0x0000000087400000, 0x0000000087400000| Untracked 
|  89|0x0000000087500000, 0x0000000087500000, 0x0000000087600000|  0%| F|  |TAMS 0x0000000087500000, 0x0000000087500000| Untracked 
|  90|0x0000000087600000, 0x0000000087600000, 0x0000000087700000|  0%| F|  |TAMS 0x0000000087600000, 0x0000000087600000| Untracked 
|  91|0x0000000087700000, 0x0000000087700000, 0x0000000087800000|  0%| F|  |TAMS 0x0000000087700000, 0x0000000087700000| Untracked 
|  92|0x0000000087800000, 0x0000000087800000, 0x0000000087900000|  0%| F|  |TAMS 0x0000000087800000, 0x0000000087800000| Untracked 
|  93|0x0000000087900000, 0x0000000087900000, 0x0000000087a00000|  0%| F|  |TAMS 0x0000000087900000, 0x0000000087900000| Untracked 
|  94|0x0000000087a00000, 0x0000000087a00000, 0x0000000087b00000|  0%| F|  |TAMS 0x0000000087a00000, 0x0000000087a00000| Untracked 
|  95|0x0000000087b00000, 0x0000000087b00000, 0x0000000087c00000|  0%| F|  |TAMS 0x0000000087b00000, 0x0000000087b00000| Untracked 
|  96|0x0000000087c00000, 0x0000000087c00000, 0x0000000087d00000|  0%| F|  |TAMS 0x0000000087c00000, 0x0000000087c00000| Untracked 
|  97|0x0000000087d00000, 0x0000000087d00000, 0x0000000087e00000|  0%| F|  |TAMS 0x0000000087d00000, 0x0000000087d00000| Untracked 
|  98|0x0000000087e00000, 0x0000000087e00000, 0x0000000087f00000|  0%| F|  |TAMS 0x0000000087e00000, 0x0000000087e00000| Untracked 
|  99|0x0000000087f00000, 0x0000000087f00000, 0x0000000088000000|  0%| F|  |TAMS 0x0000000087f00000, 0x0000000087f00000| Untracked 
| 100|0x0000000088000000, 0x0000000088000000, 0x0000000088100000|  0%| F|  |TAMS 0x0000000088000000, 0x0000000088000000| Untracked 
| 101|0x0000000088100000, 0x0000000088100000, 0x0000000088200000|  0%| F|  |TAMS 0x0000000088100000, 0x0000000088100000| Untracked 
| 102|0x0000000088200000, 0x0000000088200000, 0x0000000088300000|  0%| F|  |TAMS 0x0000000088200000, 0x0000000088200000| Untracked 
| 103|0x0000000088300000, 0x0000000088300000, 0x0000000088400000|  0%| F|  |TAMS 0x0000000088300000, 0x0000000088300000| Untracked 
| 104|0x0000000088400000, 0x0000000088400000, 0x0000000088500000|  0%| F|  |TAMS 0x0000000088400000, 0x0000000088400000| Untracked 
| 105|0x0000000088500000, 0x0000000088500000, 0x0000000088600000|  0%| F|  |TAMS 0x0000000088500000, 0x0000000088500000| Untracked 
| 106|0x0000000088600000, 0x0000000088600000, 0x0000000088700000|  0%| F|  |TAMS 0x0000000088600000, 0x0000000088600000| Untracked 
| 107|0x0000000088700000, 0x0000000088700000, 0x0000000088800000|  0%| F|  |TAMS 0x0000000088700000, 0x0000000088700000| Untracked 
| 108|0x0000000088800000, 0x0000000088800000, 0x0000000088900000|  0%| F|  |TAMS 0x0000000088800000, 0x0000000088800000| Untracked 
| 109|0x0000000088900000, 0x0000000088900000, 0x0000000088a00000|  0%| F|  |TAMS 0x0000000088900000, 0x0000000088900000| Untracked 
| 110|0x0000000088a00000, 0x0000000088a00000, 0x0000000088b00000|  0%| F|  |TAMS 0x0000000088a00000, 0x0000000088a00000| Untracked 
| 111|0x0000000088b00000, 0x0000000088b00000, 0x0000000088c00000|  0%| F|  |TAMS 0x0000000088b00000, 0x0000000088b00000| Untracked 
| 112|0x0000000088c00000, 0x0000000088c00000, 0x0000000088d00000|  0%| F|  |TAMS 0x0000000088c00000, 0x0000000088c00000| Untracked 
| 113|0x0000000088d00000, 0x0000000088d00000, 0x0000000088e00000|  0%| F|  |TAMS 0x0000000088d00000, 0x0000000088d00000| Untracked 
| 114|0x0000000088e00000, 0x0000000088e00000, 0x0000000088f00000|  0%| F|  |TAMS 0x0000000088e00000, 0x0000000088e00000| Untracked 
| 115|0x0000000088f00000, 0x0000000088f00000, 0x0000000089000000|  0%| F|  |TAMS 0x0000000088f00000, 0x0000000088f00000| Untracked 
| 116|0x0000000089000000, 0x0000000089000000, 0x0000000089100000|  0%| F|  |TAMS 0x0000000089000000, 0x0000000089000000| Untracked 
| 117|0x0000000089100000, 0x0000000089100000, 0x0000000089200000|  0%| F|  |TAMS 0x0000000089100000, 0x0000000089100000| Untracked 
| 118|0x0000000089200000, 0x0000000089200000, 0x0000000089300000|  0%| F|  |TAMS 0x0000000089200000, 0x0000000089200000| Untracked 
| 119|0x0000000089300000, 0x0000000089300000, 0x0000000089400000|  0%| F|  |TAMS 0x0000000089300000, 0x0000000089300000| Untracked 
| 120|0x0000000089400000, 0x0000000089400000, 0x0000000089500000|  0%| F|  |TAMS 0x0000000089400000, 0x0000000089400000| Untracked 
| 121|0x0000000089500000, 0x0000000089500000, 0x0000000089600000|  0%| F|  |TAMS 0x0000000089500000, 0x0000000089500000| Untracked 
| 122|0x0000000089600000, 0x0000000089600000, 0x0000000089700000|  0%| F|  |TAMS 0x0000000089600000, 0x0000000089600000| Untracked 
| 123|0x0000000089700000, 0x0000000089700000, 0x0000000089800000|  0%| F|  |TAMS 0x0000000089700000, 0x0000000089700000| Untracked 
| 124|0x0000000089800000, 0x0000000089800000, 0x0000000089900000|  0%| F|  |TAMS 0x0000000089800000, 0x0000000089800000| Untracked 
| 125|0x0000000089900000, 0x0000000089900000, 0x0000000089a00000|  0%| F|  |TAMS 0x0000000089900000, 0x0000000089900000| Untracked 
| 126|0x0000000089a00000, 0x0000000089a00000, 0x0000000089b00000|  0%| F|  |TAMS 0x0000000089a00000, 0x0000000089a00000| Untracked 
| 127|0x0000000089b00000, 0x0000000089b00000, 0x0000000089c00000|  0%| F|  |TAMS 0x0000000089b00000, 0x0000000089b00000| Untracked 
| 128|0x0000000089c00000, 0x0000000089c00000, 0x0000000089d00000|  0%| F|  |TAMS 0x0000000089c00000, 0x0000000089c00000| Untracked 
| 129|0x0000000089d00000, 0x0000000089d00000, 0x0000000089e00000|  0%| F|  |TAMS 0x0000000089d00000, 0x0000000089d00000| Untracked 
| 130|0x0000000089e00000, 0x0000000089e00000, 0x0000000089f00000|  0%| F|  |TAMS 0x0000000089e00000, 0x0000000089e00000| Untracked 
| 131|0x0000000089f00000, 0x0000000089f00000, 0x000000008a000000|  0%| F|  |TAMS 0x0000000089f00000, 0x0000000089f00000| Untracked 
| 132|0x000000008a000000, 0x000000008a000000, 0x000000008a100000|  0%| F|  |TAMS 0x000000008a000000, 0x000000008a000000| Untracked 
| 133|0x000000008a100000, 0x000000008a100000, 0x000000008a200000|  0%| F|  |TAMS 0x000000008a100000, 0x000000008a100000| Untracked 
| 134|0x000000008a200000, 0x000000008a200000, 0x000000008a300000|  0%| F|  |TAMS 0x000000008a200000, 0x000000008a200000| Untracked 
| 135|0x000000008a300000, 0x000000008a300000, 0x000000008a400000|  0%| F|  |TAMS 0x000000008a300000, 0x000000008a300000| Untracked 
| 136|0x000000008a400000, 0x000000008a400000, 0x000000008a500000|  0%| F|  |TAMS 0x000000008a400000, 0x000000008a400000| Untracked 
| 137|0x000000008a500000, 0x000000008a500000, 0x000000008a600000|  0%| F|  |TAMS 0x000000008a500000, 0x000000008a500000| Untracked 
| 138|0x000000008a600000, 0x000000008a600000, 0x000000008a700000|  0%| F|  |TAMS 0x000000008a600000, 0x000000008a600000| Untracked 
| 139|0x000000008a700000, 0x000000008a700000, 0x000000008a800000|  0%| F|  |TAMS 0x000000008a700000, 0x000000008a700000| Untracked 
| 140|0x000000008a800000, 0x000000008a800000, 0x000000008a900000|  0%| F|  |TAMS 0x000000008a800000, 0x000000008a800000| Untracked 
| 141|0x000000008a900000, 0x000000008a900000, 0x000000008aa00000|  0%| F|  |TAMS 0x000000008a900000, 0x000000008a900000| Untracked 
| 142|0x000000008aa00000, 0x000000008aa00000, 0x000000008ab00000|  0%| F|  |TAMS 0x000000008aa00000, 0x000000008aa00000| Untracked 
| 143|0x000000008ab00000, 0x000000008ab00000, 0x000000008ac00000|  0%| F|  |TAMS 0x000000008ab00000, 0x000000008ab00000| Untracked 
| 144|0x000000008ac00000, 0x000000008ac00000, 0x000000008ad00000|  0%| F|  |TAMS 0x000000008ac00000, 0x000000008ac00000| Untracked 
| 145|0x000000008ad00000, 0x000000008ad00000, 0x000000008ae00000|  0%| F|  |TAMS 0x000000008ad00000, 0x000000008ad00000| Untracked 
| 146|0x000000008ae00000, 0x000000008ae00000, 0x000000008af00000|  0%| F|  |TAMS 0x000000008ae00000, 0x000000008ae00000| Untracked 
| 147|0x000000008af00000, 0x000000008af00000, 0x000000008b000000|  0%| F|  |TAMS 0x000000008af00000, 0x000000008af00000| Untracked 
| 148|0x000000008b000000, 0x000000008b000000, 0x000000008b100000|  0%| F|  |TAMS 0x000000008b000000, 0x000000008b000000| Untracked 
| 149|0x000000008b100000, 0x000000008b100000, 0x000000008b200000|  0%| F|  |TAMS 0x000000008b100000, 0x000000008b100000| Untracked 
| 150|0x000000008b200000, 0x000000008b200000, 0x000000008b300000|  0%| F|  |TAMS 0x000000008b200000, 0x000000008b200000| Untracked 
| 151|0x000000008b300000, 0x000000008b300000, 0x000000008b400000|  0%| F|  |TAMS 0x000000008b300000, 0x000000008b300000| Untracked 
| 152|0x000000008b400000, 0x000000008b400000, 0x000000008b500000|  0%| F|  |TAMS 0x000000008b400000, 0x000000008b400000| Untracked 
| 153|0x000000008b500000, 0x000000008b500000, 0x000000008b600000|  0%| F|  |TAMS 0x000000008b500000, 0x000000008b500000| Untracked 

Card table byte_map: [0x00000292fab00000,0x00000292faf00000] _byte_map_base: 0x00000292fa6f2000

Marking Bits (Prev, Next): (CMBitMap*) 0x00000292f18b78a8, (CMBitMap*) 0x00000292f18b78e8
 Prev Bits: [0x00000292fb300000, 0x00000292fd290000)
 Next Bits: [0x00000292fd290000, 0x00000292ff220000)

Polling page: 0x00000292f0050000

Metaspace:

Usage:
  Non-class:     10.49 MB capacity,    10.28 MB ( 98%) used,   169.78 KB (  2%) free+waste,    39.31 KB ( <1%) overhead. 
      Class:      1.61 MB capacity,     1.42 MB ( 88%) used,   173.85 KB ( 11%) free+waste,    22.69 KB (  1%) overhead. 
       Both:     12.10 MB capacity,    11.70 MB ( 97%) used,   343.63 KB (  3%) free+waste,    62.00 KB ( <1%) overhead. 

Virtual space:
  Non-class space:       12.00 MB reserved,      10.50 MB ( 88%) committed 
      Class space:        1.00 GB reserved,       1.63 MB ( <1%) committed 
             Both:        1.01 GB reserved,      12.13 MB (  1%) committed 

Chunk freelists:
   Non-Class:  1.63 KB
       Class:  1.75 KB
        Both:  3.38 KB

CodeHeap 'non-profiled nmethods': size=120000Kb used=667Kb max_used=667Kb free=119332Kb
 bounds [0x0000029287ad0000, 0x0000029287d40000, 0x000002928f000000]
CodeHeap 'profiled nmethods': size=120000Kb used=3137Kb max_used=3170Kb free=116862Kb
 bounds [0x00000292805a0000, 0x00000292808c0000, 0x0000029287ad0000]
CodeHeap 'non-nmethods': size=5760Kb used=1240Kb max_used=1295Kb free=4519Kb
 bounds [0x0000029280000000, 0x0000029280270000, 0x00000292805a0000]
 total_blobs=2683 nmethods=1659 adapters=519
 compilation: enabled
              stopped_count=0, restarted_count=0
 full_count=0

Compilation events (10 events):
Event: 2.668 Thread 0x00000292ffd39000 1779       1       java.awt.event.InputEvent::isConsumed (5 bytes)
Event: 2.668 Thread 0x00000292ffd39000 nmethod 1779 0x0000029287b77290 code [0x0000029287b77440, 0x0000029287b77578]
Event: 2.680 Thread 0x00000292ffd39000 1780       3       java.lang.invoke.VarHandleGuards::guard_LL_V (103 bytes)
Event: 2.683 Thread 0x00000292ffd39000 nmethod 1780 0x00000292808bc110 code [0x00000292808bc480, 0x00000292808be050]
Event: 2.683 Thread 0x00000292ffd39000 1782       3       sun.swing.CachedPainter::getGraphicsConfiguration (11 bytes)
Event: 2.684 Thread 0x00000292ffd39000 nmethod 1782 0x00000292806c4710 code [0x00000292806c48e0, 0x00000292806c4bb8]
Event: 2.684 Thread 0x00000292ffd39000 1781       3       java.lang.invoke.VarHandleReferences$FieldInstanceReadWrite::set (30 bytes)
Event: 2.684 Thread 0x00000292ffd39000 nmethod 1781 0x0000029280742e10 code [0x0000029280743060, 0x0000029280743810]
Event: 2.685 Thread 0x00000292ffd39000 1784       3       java.util.concurrent.locks.AbstractQueuedSynchronizer::isOnSyncQueue (33 bytes)
Event: 2.685 Thread 0x00000292ffd39000 nmethod 1784 0x0000029280740590 code [0x0000029280740760, 0x0000029280740b38]

GC Heap History (10 events):
Event: 2.599 GC heap after
{Heap after GC invocations=16 (full 0):
 garbage-first heap   total 131072K, used 6587K [0x0000000081c00000, 0x0000000100000000)
  region size 1024K, 1 young (1024K), 1 survivors (1024K)
 Metaspace       used 11972K, capacity 12389K, committed 12416K, reserved 1060864K
  class space    used 1453K, capacity 1650K, committed 1664K, reserved 1048576K
}
Event: 2.609 GC heap before
{Heap before GC invocations=16 (full 0):
 garbage-first heap   total 131072K, used 83387K [0x0000000081c00000, 0x0000000100000000)
  region size 1024K, 76 young (77824K), 1 survivors (1024K)
 Metaspace       used 11972K, capacity 12389K, committed 12416K, reserved 1060864K
  class space    used 1453K, capacity 1650K, committed 1664K, reserved 1048576K
}
Event: 2.610 GC heap after
{Heap after GC invocations=17 (full 0):
 garbage-first heap   total 157696K, used 6600K [0x0000000081c00000, 0x0000000100000000)
  region size 1024K, 1 young (1024K), 1 survivors (1024K)
 Metaspace       used 11972K, capacity 12389K, committed 12416K, reserved 1060864K
  class space    used 1453K, capacity 1650K, committed 1664K, reserved 1048576K
}
Event: 2.646 GC heap before
{Heap before GC invocations=17 (full 0):
 garbage-first heap   total 157696K, used 99784K [0x0000000081c00000, 0x0000000100000000)
  region size 1024K, 92 young (94208K), 1 survivors (1024K)
 Metaspace       used 11977K, capacity 12389K, committed 12416K, reserved 1060864K
  class space    used 1453K, capacity 1650K, committed 1664K, reserved 1048576K
}
Event: 2.646 GC heap after
{Heap after GC invocations=18 (full 0):
 garbage-first heap   total 157696K, used 6606K [0x0000000081c00000, 0x0000000100000000)
  region size 1024K, 1 young (1024K), 1 survivors (1024K)
 Metaspace       used 11977K, capacity 12389K, committed 12416K, reserved 1060864K
  class space    used 1453K, capacity 1650K, committed 1664K, reserved 1048576K
}
Event: 2.663 GC heap before
{Heap before GC invocations=18 (full 0):
 garbage-first heap   total 157696K, used 99790K [0x0000000081c00000, 0x0000000100000000)
  region size 1024K, 92 young (94208K), 1 survivors (1024K)
 Metaspace       used 11977K, capacity 12389K, committed 12416K, reserved 1060864K
  class space    used 1453K, capacity 1650K, committed 1664K, reserved 1048576K
}
Event: 2.663 GC heap after
{Heap after GC invocations=19 (full 0):
 garbage-first heap   total 157696K, used 6608K [0x0000000081c00000, 0x0000000100000000)
  region size 1024K, 1 young (1024K), 1 survivors (1024K)
 Metaspace       used 11977K, capacity 12389K, committed 12416K, reserved 1060864K
  class space    used 1453K, capacity 1650K, committed 1664K, reserved 1048576K
}
Event: 2.678 GC heap before
{Heap before GC invocations=19 (full 0):
 garbage-first heap   total 157696K, used 99792K [0x0000000081c00000, 0x0000000100000000)
  region size 1024K, 92 young (94208K), 1 survivors (1024K)
 Metaspace       used 11978K, capacity 12389K, committed 12416K, reserved 1060864K
  class space    used 1453K, capacity 1650K, committed 1664K, reserved 1048576K
}
Event: 2.679 GC heap after
{Heap after GC invocations=20 (full 0):
 garbage-first heap   total 157696K, used 6617K [0x0000000081c00000, 0x0000000100000000)
  region size 1024K, 1 young (1024K), 1 survivors (1024K)
 Metaspace       used 11978K, capacity 12389K, committed 12416K, reserved 1060864K
  class space    used 1453K, capacity 1650K, committed 1664K, reserved 1048576K
}
Event: 2.695 GC heap before
{Heap before GC invocations=20 (full 0):
 garbage-first heap   total 157696K, used 99801K [0x0000000081c00000, 0x0000000100000000)
  region size 1024K, 92 young (94208K), 1 survivors (1024K)
 Metaspace       used 11983K, capacity 12389K, committed 12416K, reserved 1060864K
  class space    used 1453K, capacity 1650K, committed 1664K, reserved 1048576K
}

Deoptimization events (10 events):
Event: 0.653 Thread 0x0000029291be0800 Uncommon trap: reason=class_check action=maybe_recompile pc=0x0000029287ae6634 method=java.util.HashMap.putVal(ILjava/lang/Object;Ljava/lang/Object;ZZ)Ljava/lang/Object; @ 203 c2
Event: 0.653 Thread 0x0000029291be0800 Uncommon trap: reason=class_check action=maybe_recompile pc=0x0000029287ae6634 method=java.util.HashMap.putVal(ILjava/lang/Object;Ljava/lang/Object;ZZ)Ljava/lang/Object; @ 203 c2
Event: 0.896 Thread 0x00000292f1874800 Uncommon trap: reason=unstable_if action=reinterpret pc=0x0000029287b07864 method=java.lang.CharacterData.of(I)Ljava/lang/CharacterData; @ 4 c2
Event: 0.909 Thread 0x00000292f1874800 Uncommon trap: reason=unstable_if action=reinterpret pc=0x0000029287b0e340 method=java.lang.String.equals(Ljava/lang/Object;)Z @ 34 c2
Event: 0.951 Thread 0x00000292f1874800 Uncommon trap: reason=unstable_if action=reinterpret pc=0x0000029287b12d50 method=java.lang.StringLatin1.toLowerCase(Ljava/lang/String;[BLjava/util/Locale;)Ljava/lang/String; @ 40 c2
Event: 1.263 Thread 0x00000292f1874800 Uncommon trap: reason=unstable_if action=reinterpret pc=0x0000029287b2c5c8 method=java.lang.Character.isSurrogate(C)Z @ 3 c2
Event: 1.263 Thread 0x00000292f1874800 Uncommon trap: reason=unstable_if action=reinterpret pc=0x0000029287b03740 method=java.lang.String.equals(Ljava/lang/Object;)Z @ 34 c2
Event: 1.263 Thread 0x00000292f1874800 Uncommon trap: reason=unstable_if action=reinterpret pc=0x0000029287b06c80 method=java.lang.String.equals(Ljava/lang/Object;)Z @ 34 c2
Event: 1.617 Thread 0x00000292f1874800 Uncommon trap: reason=unstable_if action=reinterpret pc=0x0000029287b28b70 method=sun.font.TrueTypeFont.getDirectoryEntry(I)Lsun/font/TrueTypeFont$DirectoryEntry; @ 7 c2
Event: 1.826 Thread 0x0000029291c26000 Uncommon trap: reason=unstable_if action=reinterpret pc=0x0000029287b2d178 method=java.lang.ref.SoftReference.get()Ljava/lang/Object; @ 17 c2

Classes redefined (0 events):
No events

Internal exceptions (10 events):
Event: 0.499 Thread 0x00000292f1874800 Exception <a 'java/lang/NoSuchMethodError'{0x00000000897b85f0}: java.lang.invoke.DirectMethodHandle$Holder.invokeStatic(Ljava/lang/Object;ILjava/lang/Object;)Ljava/lang/Object;> (0x00000000897b85f0) thrown at [t:/workspace/open/src/hotspot/share/interpret
Event: 0.545 Thread 0x00000292f1874800 Exception <a 'java/lang/ClassNotFoundException'{0x000000008965f180}: com/sun/swing/internal/plaf/metal/resources/spi/metalProvider> (0x000000008965f180) thrown at [t:/workspace/open/src/hotspot/share/classfile/systemDictionary.cpp, line 235]
Event: 0.548 Thread 0x00000292f1874800 Exception <a 'java/lang/ClassNotFoundException'{0x0000000089665368}: com/sun/swing/internal/plaf/basic/resources/spi/basicProvider> (0x0000000089665368) thrown at [t:/workspace/open/src/hotspot/share/classfile/systemDictionary.cpp, line 235]
Event: 0.686 Thread 0x00000292f1874800 Exception <a 'java/lang/NoSuchMethodError'{0x0000000089411b48}: java.lang.invoke.DirectMethodHandle$Holder.invokeStaticInit(Ljava/lang/Object;)V> (0x0000000089411b48) thrown at [t:/workspace/open/src/hotspot/share/interpreter/linkResolver.cpp, line 777]
Event: 0.703 Thread 0x00000292f1874800 Exception <a 'java/io/FileNotFoundException'{0x000000008941df20}> (0x000000008941df20) thrown at [t:/workspace/open/src/hotspot/share/prims/jni.cpp, line 615]
Event: 0.703 Thread 0x00000292f1874800 Exception <a 'java/lang/NullPointerException'{0x000000008941e780}> (0x000000008941e780) thrown at [t:/workspace/open/src/hotspot/share/interpreter/linkResolver.cpp, line 1356]
Event: 0.735 Thread 0x00000292f1874800 Exception <a 'java/lang/NoSuchMethodError'{0x0000000089486640}: java.lang.invoke.Invokers$Holder.linkToTargetMethod(Ljava/lang/Object;ILjava/lang/Object;)Ljava/lang/Object;> (0x0000000089486640) thrown at [t:/workspace/open/src/hotspot/share/interpreter/l
Event: 0.742 Thread 0x00000292f1874800 Exception <a 'sun/nio/fs/WindowsException'{0x000000008948bb68}> (0x000000008948bb68) thrown at [t:/workspace/open/src/hotspot/share/prims/jni.cpp, line 615]
Event: 0.873 Thread 0x00000292f1874800 Exception <a 'java/lang/ClassNotFoundException'{0x00000000893631b8}: com/sun/java/swing/plaf/windows/resources/spi/windowsProvider> (0x00000000893631b8) thrown at [t:/workspace/open/src/hotspot/share/classfile/systemDictionary.cpp, line 235]
Event: 1.791 Thread 0x00000292f1874800 Exception <a 'java/net/BindException'{0x0000000088789258}: Address already in use: Cannot bind> (0x0000000088789258) thrown at [t:/workspace/open/src/hotspot/share/prims/jni.cpp, line 636]

Events (10 events):
Event: 2.599 Executing VM operation: G1CollectForAllocation done
Event: 2.609 Executing VM operation: G1CollectForAllocation
Event: 2.610 Executing VM operation: G1CollectForAllocation done
Event: 2.646 Executing VM operation: G1CollectForAllocation
Event: 2.646 Executing VM operation: G1CollectForAllocation done
Event: 2.663 Executing VM operation: G1CollectForAllocation
Event: 2.663 Executing VM operation: G1CollectForAllocation done
Event: 2.678 Executing VM operation: G1CollectForAllocation
Event: 2.679 Executing VM operation: G1CollectForAllocation done
Event: 2.695 Executing VM operation: G1CollectForAllocation


Dynamic libraries:
0x00007ff6a9260000 - 0x00007ff6a926f000 	C:\Program Files\Java\jdk-12.0.2\bin\javaw.exe
0x00007fff67910000 - 0x00007fff67b05000 	C:\WINDOWS\SYSTEM32\ntdll.dll
0x00007fff664e0000 - 0x00007fff6659d000 	C:\WINDOWS\System32\KERNEL32.DLL
0x00007fff65330000 - 0x00007fff655f8000 	C:\WINDOWS\System32\KERNELBASE.dll
0x00007fff65180000 - 0x00007fff65280000 	C:\WINDOWS\System32\ucrtbase.dll
0x00007fff4c580000 - 0x00007fff4c596000 	C:\Program Files\Java\jdk-12.0.2\bin\VCRUNTIME140.dll
0x00007fff4be40000 - 0x00007fff4be58000 	C:\Program Files\Java\jdk-12.0.2\bin\jli.dll
0x00007fff666c0000 - 0x00007fff6676c000 	C:\WINDOWS\System32\ADVAPI32.dll
0x00007fff66080000 - 0x00007fff6611e000 	C:\WINDOWS\System32\msvcrt.dll
0x00007fff66120000 - 0x00007fff661bb000 	C:\WINDOWS\System32\sechost.dll
0x00007fff66250000 - 0x00007fff6637b000 	C:\WINDOWS\System32\RPCRT4.dll
0x00007fff66800000 - 0x00007fff669a0000 	C:\WINDOWS\System32\USER32.dll
0x00007fff65050000 - 0x00007fff65072000 	C:\WINDOWS\System32\win32u.dll
0x00007fff57860000 - 0x00007fff57afa000 	C:\WINDOWS\WinSxS\amd64_microsoft.windows.common-controls_6595b64144ccf1df_6.0.19041.844_none_ca00b6081b84eb1d\COMCTL32.dll
0x00007fff67610000 - 0x00007fff6763a000 	C:\WINDOWS\System32\GDI32.dll
0x00007fff65660000 - 0x00007fff6576b000 	C:\WINDOWS\System32\gdi32full.dll
0x00007fff658d0000 - 0x00007fff6596d000 	C:\WINDOWS\System32\msvcp_win.dll
0x00007fff5c250000 - 0x00007fff5c25a000 	C:\WINDOWS\SYSTEM32\VERSION.dll
0x00007fff661c0000 - 0x00007fff661f0000 	C:\WINDOWS\System32\IMM32.DLL
0x00007fff3d850000 - 0x00007fff3d8fa000 	C:\Program Files\Java\jdk-12.0.2\bin\msvcp140.dll
0x00007fff15aa0000 - 0x00007fff16617000 	C:\Program Files\Java\jdk-12.0.2\bin\server\jvm.dll
0x00007fff659d0000 - 0x00007fff659d8000 	C:\WINDOWS\System32\PSAPI.DLL
0x00007fff5b900000 - 0x00007fff5b927000 	C:\WINDOWS\SYSTEM32\WINMM.dll
0x00007fff4e730000 - 0x00007fff4e739000 	C:\WINDOWS\SYSTEM32\WSOCK32.dll
0x00007fff67840000 - 0x00007fff678ab000 	C:\WINDOWS\System32\WS2_32.dll
0x00007fff62f90000 - 0x00007fff62fa2000 	C:\WINDOWS\SYSTEM32\kernel.appcore.dll
0x00007fff48730000 - 0x00007fff48741000 	C:\Program Files\Java\jdk-12.0.2\bin\verify.dll
0x00007fff56e90000 - 0x00007fff57074000 	C:\WINDOWS\SYSTEM32\DBGHELP.DLL
0x00007fff576b0000 - 0x00007fff576dc000 	C:\WINDOWS\SYSTEM32\dbgcore.DLL
0x00007fff650d0000 - 0x00007fff65150000 	C:\WINDOWS\System32\bcryptPrimitives.dll
0x00007fff47d60000 - 0x00007fff47d86000 	C:\Program Files\Java\jdk-12.0.2\bin\java.dll
0x00007fff479e0000 - 0x00007fff479f7000 	C:\Program Files\Java\jdk-12.0.2\bin\zip.dll
0x00007fff5cce0000 - 0x00007fff5ccea000 	C:\Program Files\Java\jdk-12.0.2\bin\jimage.dll
0x00007fff66d80000 - 0x00007fff674c2000 	C:\WINDOWS\System32\SHELL32.dll
0x00007fff63190000 - 0x00007fff63921000 	C:\WINDOWS\SYSTEM32\windows.storage.dll
0x00007fff66a20000 - 0x00007fff66d75000 	C:\WINDOWS\System32\combase.dll
0x00007fff64ac0000 - 0x00007fff64aec000 	C:\WINDOWS\SYSTEM32\Wldp.dll
0x00007fff66380000 - 0x00007fff6642e000 	C:\WINDOWS\System32\SHCORE.dll
0x00007fff65970000 - 0x00007fff659c5000 	C:\WINDOWS\System32\shlwapi.dll
0x00007fff64f90000 - 0x00007fff64faf000 	C:\WINDOWS\SYSTEM32\profapi.dll
0x00007fff46000000 - 0x00007fff46019000 	C:\Program Files\Java\jdk-12.0.2\bin\net.dll
0x00007fff598f0000 - 0x00007fff599fb000 	C:\WINDOWS\SYSTEM32\WINHTTP.dll
0x00007fff4c1e0000 - 0x00007fff4c3ce000 	C:\WINDOWS\SYSTEM32\urlmon.dll
0x00007fff57330000 - 0x00007fff575e0000 	C:\WINDOWS\SYSTEM32\iertutil.dll
0x00007fff64830000 - 0x00007fff6489a000 	C:\WINDOWS\system32\mswsock.dll
0x00007fff45f90000 - 0x00007fff45fa3000 	C:\Program Files\Java\jdk-12.0.2\bin\nio.dll
0x00007fff23600000 - 0x00007fff2379f000 	C:\Program Files\Java\jdk-12.0.2\bin\awt.dll
0x00007fff67640000 - 0x00007fff6770d000 	C:\WINDOWS\System32\OLEAUT32.dll
0x00007fff61600000 - 0x00007fff61bc0000 	C:\WINDOWS\SYSTEM32\d2d1.dll
0x00007fff62900000 - 0x00007fff62990000 	C:\WINDOWS\SYSTEM32\apphelp.dll
0x00007fff62ca0000 - 0x00007fff62ccf000 	C:\WINDOWS\system32\DWMAPI.DLL
0x00007fff62ad0000 - 0x00007fff62b6e000 	C:\WINDOWS\system32\uxtheme.dll
0x00007fff3e570000 - 0x00007fff3e696000 	C:\WINDOWS\system32\opengl32.dll
0x00007fff4e250000 - 0x00007fff4e27c000 	C:\WINDOWS\SYSTEM32\GLU32.dll
0x00007fff665a0000 - 0x00007fff666b5000 	C:\WINDOWS\System32\MSCTF.dll
0x00007fff67710000 - 0x00007fff6783a000 	C:\WINDOWS\System32\ole32.dll
0x00007fff3d1c0000 - 0x00007fff3d240000 	C:\Program Files\Java\jdk-12.0.2\bin\freetype.dll
0x00007fff2e1b0000 - 0x00007fff2e25b000 	C:\Program Files\Java\jdk-12.0.2\bin\fontmanager.dll
0x00007fff3f200000 - 0x00007fff3f2f9000 	C:\WINDOWS\SYSTEM32\textinputframework.dll
0x00007fff62290000 - 0x00007fff625ee000 	C:\WINDOWS\System32\CoreUIComponents.dll
0x00007fff625f0000 - 0x00007fff626e2000 	C:\WINDOWS\System32\CoreMessaging.dll
0x00007fff63d90000 - 0x00007fff63dc3000 	C:\WINDOWS\SYSTEM32\ntmarta.dll
0x00007fff61bc0000 - 0x00007fff61d14000 	C:\WINDOWS\SYSTEM32\wintypes.dll
0x00007fff66430000 - 0x00007fff664d9000 	C:\WINDOWS\System32\clbcatq.dll
0x00007fff5e390000 - 0x00007fff5e544000 	C:\WINDOWS\SYSTEM32\WindowsCodecs.dll
0x00007fff65150000 - 0x00007fff65177000 	C:\WINDOWS\System32\bcrypt.dll
0x00007fff46960000 - 0x00007fff4699e000 	C:\WINDOWS\system32\dataexchange.dll
0x00007fff61d20000 - 0x00007fff61f05000 	C:\WINDOWS\system32\dcomp.dll
0x00007fff60f30000 - 0x00007fff61194000 	C:\WINDOWS\system32\d3d11.dll
0x00007fff63990000 - 0x00007fff63a83000 	C:\WINDOWS\system32\dxgi.dll
0x00007fff5e840000 - 0x00007fff5ea41000 	C:\WINDOWS\system32\twinapi.appcore.dll

dbghelp: loaded successfully - version: 4.0.5 - missing functions: none
symbol engine: initialized successfully - sym options: 0x614 - pdb path: .;C:\Program Files\Java\jdk-12.0.2\bin;C:\WINDOWS\SYSTEM32;C:\WINDOWS\WinSxS\amd64_microsoft.windows.common-controls_6595b64144ccf1df_6.0.19041.844_none_ca00b6081b84eb1d;C:\Program Files\Java\jdk-12.0.2\bin\server

VM Arguments:
jvm_args: -Dfile.encoding=UTF-8 --module-path=C:\Users\13321\eclipse-workspace\myproject\MyQQ1\bin;D:\IEDownload\jsoup-1.13.1.jar -Djdk.module.main=MyQQ 
java_command: MyQQ/myQQ.test
java_class_path (initial): .;C:\Program Files\Java\jdk-12.0.2\lib;C:\Program Files\Java\jdk-12.0.2\lib\tools.jar
Launcher Type: SUN_STANDARD

[Global flags]
     intx CICompilerCount                          = 4                                         {product} {ergonomic}
     uint ConcGCThreads                            = 2                                         {product} {ergonomic}
     uint G1ConcRefinementThreads                  = 8                                         {product} {ergonomic}
   size_t G1HeapRegionSize                         = 1048576                                   {product} {ergonomic}
    uintx GCDrainStackTargetSize                   = 64                                        {product} {ergonomic}
   size_t InitialHeapSize                          = 134217728                                 {product} {ergonomic}
   size_t MarkStackSize                            = 4194304                                   {product} {ergonomic}
   size_t MaxHeapSize                              = 2118123520                                {product} {ergonomic}
   size_t MaxNewSize                               = 1270874112                                {product} {ergonomic}
   size_t MinHeapDeltaBytes                        = 1048576                                   {product} {ergonomic}
    uintx NonNMethodCodeHeapSize                   = 5836300                                {pd product} {ergonomic}
    uintx NonProfiledCodeHeapSize                  = 122910970                              {pd product} {ergonomic}
    uintx ProfiledCodeHeapSize                     = 122910970                              {pd product} {ergonomic}
    uintx ReservedCodeCacheSize                    = 251658240                              {pd product} {ergonomic}
     bool SegmentedCodeCache                       = true                                      {product} {ergonomic}
     bool UseCompressedClassPointers               = true                                 {lp64_product} {ergonomic}
     bool UseCompressedOops                        = true                                 {lp64_product} {ergonomic}
     bool UseG1GC                                  = true                                      {product} {ergonomic}
     bool UseLargePagesIndividualAllocation        = false                                  {pd product} {ergonomic}

Logging:
Log output configuration:
 #0: stdout all=warning uptime,level,tags
 #1: stderr all=off uptime,level,tags

Environment Variables:
JAVA_HOME=C:\Program Files\Java\jdk-12.0.2
CLASSPATH=.;C:\Program Files\Java\jdk-12.0.2\lib;C:\Program Files\Java\jdk-12.0.2\lib\tools.jar
PATH=C:/Program Files/Java/jdk-12.0.2/bin/server;C:/Program Files/Java/jdk-12.0.2/bin;C:\Python39\Scripts\;C:\Python39\;C:\Program Files\Intel\WiFi\bin\;C:\Program Files\Common Files\Intel\WirelessCommon\;C:\WINDOWS\system32;C:\WINDOWS;C:\WINDOWS\System32\Wbem;C:\WINDOWS\System32\WindowsPowerShell\v1.0\;C:\WINDOWS\System32\OpenSSH\;C:\Program Files\Java\jdk-12.0.2\bin;C:\Program Files\Java\jdk-12.0.2\jre\bin;D:\Anaconda3;D:\Anaconda3\Scripts;D:\Anaconda3\Library\bin;D:\putty\;C:\Program Files\MATLAB\R2018b\runtime\win64;C:\Program Files (x86)\Bitvise SSH Client;D:\cmake\bin;D:\vcpkg;D:\Git\cmd;C:\Program Files\nodejs\;C:\ProgramData\chocolatey\bin;H:\texlive\2021\bin\win32;C:\Users\13321\AppData\Local\Microsoft\WindowsApps;C:\Users\13321\AppData\Local\Programs\Fiddler;D:\CLion 2019.1\bin;;C:\Users\13321\AppData\Local\Microsoft\WindowsApps;D:\Anaconda3;D:\Anaconda3\Scripts;D:\Microsoft VS Code\bin;D:\cmake\bin;C:\Users\13321\AppData\Roaming\npm;H:\texlive\2020\bin\win32;I:\texlive\2021\bin\win32;;D:\Eclipse\eclipse;
USERNAME=13321
OS=Windows_NT
PROCESSOR_IDENTIFIER=Intel64 Family 6 Model 142 Stepping 10, GenuineIntel



---------------  S Y S T E M  ---------------

OS: Windows 10 , 64 bit Build 19041 (10.0.19041.928)

CPU:total 8 (initial active 8) (4 cores per cpu, 2 threads per core) family 6 model 142 stepping 10, cmov, cx8, fxsr, mmx, sse, sse2, sse3, ssse3, sse4.1, sse4.2, popcnt, avx, avx2, aes, clmul, erms, 3dnowpref, lzcnt, ht, tsc, tscinvbit, bmi1, bmi2, adx, fma

Memory: 4k page, system-wide physical 8076M (1514M free)
TotalPageFile size 18987M (AvailPageFile size 60M)
current process WorkingSet (physical memory assigned to process): 203M, peak: 203M
current process commit charge ("private bytes"): 279M, peak: 337M

vm_info: Java HotSpot(TM) 64-Bit Server VM (12.0.2+10) for windows-amd64 JRE (12.0.2+10), built on Jul 16 2019 01:56:17 by "mach5one" with MS VC++ 15.5 (VS2017)

END.
