#
# There is insufficient memory for the Java Runtime Environment to continue.
# Native memory allocation (mmap) failed to map 319815680 bytes for Failed to commit area from 0xava Heap base and to place the Java Heap above 4GB virtual address.
# This output file may be truncated or incomplete.
#
#  Out of Memory Error (t:/workspace/open/src/hotspot/ead (0x00000225c45ec800):  VMThread "VM Thread" [stack: 0x00000084c5f00000,0x00000084c6000000] [id=42152]

Stack: [0x00000084c5f00000,0x00000084c6000000]
[error occurred durin00000225c461d000, 0x00000225c4f75000,
0x00000225c50c2800, 0x00000225c52c7800, 0x00000225c52cb000, 0x00000225c5431800,
0x00000225c5558800, 0x00000225c6a5e000, 0x00000225c6ce28000084c6500000,0x00000084c6600000)]
  0x00000225c461d000 JavaThread "Sweeper thread" daemon [_thread_blocked, id=4112, stack(0x00000084c6600000,0x00000084c6700000)]
  0x00000225cc7200000,0x00000084c7300000)]
  0x00000225c6ce2800 JavaThread "TimerQueue" daemon [_thread_blocked, id=6292, stack(0x00000084c7300000,0x00000084c7400000)]
  0x00000225c6c27000 000] [id=36836]
  0x00000225c6fcb800 GCTaskThread "GC Thread#4" [stack: 0x00000084c7700000,0x00000084c7800000] [id=45632]
  0x00000225c6d0a000 GCTaskThread "GC Thread#5" [stackned by a thread:  ([mutex/lock_event])
[0x00000225a518f240] Threads_lock - owner thread: 0x00000225c45ec800
[0x00000225a518ef70] Heap_lock - owner thread: 0x00000225c6a5e000
 
|   1|0x0000000081d00000, 0x0000000081e00000, 0x0000000081e00000|100%|HS|  |TAMS 0x0000000081d00000, 0x0000000081d00000| Complete 
|   2|0x0000000081e00000, 0x0000000081f000000000, 0x0000000082400000| Complete 
|   9|0x0000000082500000, 0x0000000082600000, 0x0000000082600000|100%|HC|  |TAMS 0x0000000082500000, 0x0000000082500000| Complete 
|  10|0x82d00000|  0%| F|  |TAMS 0x0000000082c00000, 0x0000000082c00000| Untracked 
|  17|0x0000000082d00000, 0x0000000082d00000, 0x0000000082e00000|  0%| F|  |TAMS 0x0000000082d00000, 83400000, 0x0000000083400000, 0x0000000083500000|  0%| F|  |TAMS 0x0000000083400000, 0x0000000083400000| Untracked 
|  25|0x0000000083500000, 0x0000000083500000, 0x00000000836000083b00000| Untracked 
|  32|0x0000000083c00000, 0x0000000083c00000, 0x0000000083d00000|  0%| F|  |TAMS 0x0000000083c00000, 0x0000000083c00000| Untracked 
|  33|0x0000000083d00| F|  |TAMS 0x0000000084300000, 0x0000000084300000| Untracked 
|  40|0x0000000084400000, 0x0000000084400000, 0x0000000084500000|  0%| F|  |TAMS 0x0000000084400000, 0x00000000844000000084b00000, 0x0000000084c00000|  0%| F|  |TAMS 0x0000000084b00000, 0x0000000084b00000| Untracked 
|  48|0x0000000084c00000, 0x0000000084c00000, 0x0000000084d00000|  0%| F| ntracked 
|  55|0x0000000085300000, 0x0000000085300000, 0x0000000085400000|  0%| F|  |TAMS 0x0000000085300000, 0x0000000085300000| Untracked 
|  56|0x0000000085400000, 0x000000x0000000085a00000, 0x0000000085a00000| Untracked 
|  63|0x0000000085b00000, 0x0000000085b00000, 0x0000000085c00000|  0%| F|  |TAMS 0x0000000085b00000, 0x0000000085b00000| Untrac00, 0x0000000086300000|  0%| F|  |TAMS 0x0000000086200000, 0x0000000086200000| Untracked 
|  71|0x0000000086300000, 0x0000000086300000, 0x0000000086400000|  0%| F|  |TAMS 0x0000 78|0x0000000086a00000, 0x0000000086a00000, 0x0000000086b00000|  0%| F|  |TAMS 0x0000000086a00000, 0x0000000086a00000| Untracked 
|  79|0x0000000086b00000, 0x0000000086b00000, 00000, 0x0000000087100000| Untracked 
|  86|0x0000000087200000, 0x0000000087200000, 0x0000000087300000|  0%| F|  |TAMS 0x0000000087200000, 0x0000000087200000| Untracked 
|  87|0087a00000|  0%| F|  |TAMS 0x0000000087900000, 0x0000000087900000| Untracked 
|  94|0x0000000087a00000, 0x0000000087a00000, 0x0000000087b00000|  0%| F|  |TAMS 0x0000000087a00000,088100000, 0x0000000088100000, 0x0000000088200000|  0%| F|  |TAMS 0x0000000088100000, 0x0000000088100000| Untracked 
| 102|0x0000000088200000, 0x0000000088200000, 0x00000000883000088800000| Untracked 
| 109|0x0000000088900000, 0x0000000088900000, 0x0000000088a00000|  0%| F|  |TAMS 0x0000000088900000, 0x0000000088900000| Untracked 
| 110|0x0000000088a0%| F|  |TAMS 0x0000000089000000, 0x0000000089000000| Untracked 
| 117|0x0000000089100000, 0x0000000089100000, 0x0000000089200000|  0%| F|  |TAMS 0x0000000089100000, 0x0000000089000000089800000, 0x0000000089900000|  0%| F|  |TAMS 0x0000000089800000, 0x0000000089800000| Untracked 
| 125|0x0000000089900000, 0x0000000089900000, 0x0000000089a00000|  0%| F| ntracked 
| 132|0x000000008a000000, 0x000000008a000000, 0x000000008a100000|  0%| F|  |TAMS 0x000000008a000000, 0x000000008a000000| Untracked 
| 133|0x000000008a100000, 0x000000x000000008a700000, 0x000000008a700000| Untracked 
| 140|0x000000008a800000, 0x000000008a800000, 0x000000008a900000|  0%| F|  |TAMS 0x000000008a800000, 0x000000008a800000| Untrac00, 0x000000008b000000|  0%| F|  |TAMS 0x000000008af00000, 0x000000008af00000| Untracked 
| 148|0x000000008b000000, 0x000000008b000000, 0x000000008b100000|  0%| F|  |TAMS 0x0000155|0x000000008b700000, 0x000000008b700000, 0x000000008b800000|  0%| F|  |TAMS 0x000000008b700000, 0x000000008b700000| Untracked 
| 156|0x000000008b800000, 0x000000008b800000, 00000, 0x000000008be00000| Untracked 
| 163|0x000000008bf00000, 0x000000008bf00000, 0x000000008c000000|  0%| F|  |TAMS 0x000000008bf00000, 0x000000008bf00000| Untracked 
| 164|008c700000|  0%| F|  |TAMS 0x000000008c600000, 0x000000008c600000| Untracked 
| 171|0x000000008c700000, 0x000000008c700000, 0x000000008c800000|  0%| F|  |TAMS 0x000000008c700000,08ce00000, 0x000000008ce00000, 0x000000008cf00000|  0%| F|  |TAMS 0x000000008ce00000, 0x000000008ce00000| Untracked 
| 179|0x000000008cf00000, 0x000000008cf00000, 0x000000008d000008d500000| Untracked 
| 186|0x000000008d600000, 0x000000008d600000, 0x000000008d700000|  0%| F|  |TAMS 0x000000008d600000, 0x000000008d600000| Untracked 
| 187|0x000000008d70%| F|  |TAMS 0x000000008dd00000, 0x000000008dd00000| Untracked 
| 194|0x000000008de00000, 0x000000008de00000, 0x000000008df00000|  0%| F|  |TAMS 0x000000008de00000, 0x000000008d000000008e500000, 0x000000008e600000|  0%| F|  |TAMS 0x000000008e500000, 0x000000008e500000| Untracked 
| 202|0x000000008e600000, 0x000000008e600000, 0x000000008e700000|  0%| F|Untracked 
| 209|0x000000008ed00000, 0x000000008ed00000, 0x000000008ee00000|  0%| F|  |TAMS 0x000000008ed00000, 0x000000008ed00000| Untracked 
| 210|0x000000008ee00000, 0x000000x000000008f400000, 0x000000008f400000| Untracked 
| 217|0x000000008f500000, 0x000000008f500000, 0x000000008f600000|  0%| F|  |TAMS 0x000000008f500000, 0x000000008f500000| Untra000, 0x000000008fd00000|  0%| F|  |TAMS 0x000000008fc00000, 0x000000008fc00000| Untracked 
| 225|0x000000008fd00000, 0x000000008fd00000, 0x000000008fe00000|  0%| F|  |TAMS 0x000 232|0x0000000090400000, 0x0000000090400000, 0x0000000090500000|  0%| F|  |TAMS 0x0000000090400000, 0x0000000090400000| Untracked 
| 233|0x0000000090500000, 0x0000000090500000, 00000, 0x0000000090b00000| Untracked 
| 240|0x0000000090c00000, 0x0000000090c00000, 0x0000000090d00000|  0%| F|  |TAMS 0x0000000090c00000, 0x0000000090c00000| Untracked 
| 241|0091400000|  0%| F|  |TAMS 0x0000000091300000, 0x0000000091300000| Untracked 
| 248|0x0000000091400000, 0x0000000091400000, 0x0000000091500000|  0%| F|  |TAMS 0x00000000914000000091b00000, 0x0000000091b00000, 0x0000000091c00000|  0%| F|  |TAMS 0x0000000091b00000, 0x0000000091b00000| Untracked 
| 256|0x0000000091c00000, 0x0000000091c00000, 0x0000000091d000092200000| Untracked 
| 263|0x0000000092300000, 0x0000000092300000, 0x0000000092400000|  0%| F|  |TAMS 0x0000000092300000, 0x0000000092300000| Untracked 
| 264|0x000000009240%| F|  |TAMS 0x0000000092a00000, 0x0000000092a00000| Untracked 
| 271|0x0000000092b00000, 0x0000000092b00000, 0x0000000092c00000|  0%| F|  |TAMS 0x0000000092b00000, 0x000000009x0000000093200000, 0x0000000093300000|  0%| F|  |TAMS 0x0000000093200000, 0x0000000093200000| Untracked 
| 279|0x0000000093300000, 0x0000000093300000, 0x0000000093400000|  0%| F Untracked 
| 286|0x0000000093a00000, 0x0000000093a00000, 0x0000000093b00000|  0%| F|  |TAMS 0x0000000093a00000, 0x0000000093a00000| Untracked 
| 287|0x0000000093b00000, 0x0000 0x0000000094100000, 0x0000000094100000| Untracked 
| 294|0x0000000094200000, 0x0000000094200000, 0x0000000094300000|  0%| F|  |TAMS 0x0000000094200000, 0x0000000094200000| Untr0000, 0x0000000094a00000|  0%| F|  |TAMS 0x0000000094900000, 0x0000000094900000| Untracked 
| 302|0x0000000094a00000, 0x0000000094a00000, 0x0000000094b00000|  0%| F|  |TAMS 0x00 88%) used,   180.34 KB ( 11%) free+waste,    22.69 KB (  1%) overhead. 
       Both:     12.03 MB capacity,    11.60 MB ( 96%) used,   379.59 KB (  3%) free+waste,    61.81 KB ethods=1590 adapters=517
 compilation: enabled
              stopped_count=0, restarted_count=0
 full_count=0

Compilation events (10 events):
Event: 1.208 Thread 0x000002296b60, 0x00000225adb96d10]
Event: 1.256 Thread 0x00000225c4618000 1711       3       java.awt.geom.AffineTransform::scale (285 bytes)
Event: 1.256 Thread 0x00000225c4618000 nme0K, committed 1664K, reserved 1048576K
}
Event: 1.182 GC heap after
{Heap after GC invocations=14 (full 0):
 garbage-first heap   total 312320K, used 11055K [0x0000000081c000survivors (4096K)
 Metaspace       used 11869K, capacity 12317K, committed 12416K, reserved 1060864K
  class space    used 1446K, capacity 1650K, committed 1664K, reserved 1048=16 (full 0):
 garbage-first heap   total 312320K, used 196787K [0x0000000081c00000, 0x0000000100000000)
  region size 1024K, 183 young (187392K), 2 survivors (2048K)
 Metaspa 1060864K
  class space    used 1446K, capacity 1650K, committed 1664K, reserved 1048576K
}

Deoptimization events (10 events):
Event: 0.298 Thread 0x00000225c5431800 Uncommp: reason=unstable_if action=reinterpret pc=0x00000225b50cc840 method=java.lang.String.equals(Ljava/lang/Object;)Z @ 34 c2
Event: 0.574 Thread 0x00000225a5193000 Uncommon trap:  7 c2

Classes redefined (0 events):
No events

Internal exceptions (10 events):
Event: 0.805 Thread 0x00000225c6a5e000 Exception <a 'java/lang/NullPointerException'{0x0000rException'{0x0000000085a9c1a0}> (0x0000000085a9c1a0) thrown at [t:/workspace/open/src/hotspot/share/interpreter/linkResolver.cpp, line 1356]
Event: 0.806 Thread 0x00000225c6a5ead 0x00000225c6a5e000 Exception <a 'java/lang/NullPointerException'{0x0000000085aa70c8}> (0x0000000085aa70c8) thrown at [t:/workspace/open/src/hotspot/share/interpreter/linkResolSTEM32\ntdll.dll
0x00007fff664e0000 - 0x00007fff6659d000 	C:\WINDOWS\System32\KERNEL32.DLL
0x00007fff65330000 - 0x00007fff655f8000 	C:\WINDOWS\System32\KERNELBASE.dll
0x00007fcommon-controls_6595b64144ccf1df_6.0.19041.844_none_ca00b6081b84eb1d\COMCTL32.dll
0x00007fff65660000 - 0x00007fff6576b000 	C:\WINDOWS\System32\gdi32full.dll
0x00007fff658d0000 dll
0x00007fff56e90000 - 0x00007fff57074000 	C:\WINDOWS\SYSTEM32\DBGHELP.DLL
0x00007fff576b0000 - 0x00007fff576dc000 	C:\WINDOWS\SYSTEM32\dbgcore.DLL
0x00007fff650d0000 - 0x00x00007fff46000000 - 0x00007fff46019000 	C:\Program Files\Java\jdk-12.0.2\bin\net.dll
0x00007fff598f0000 - 0x00007fff599fb000 	C:\WINDOWS\SYSTEM32\WINHTTP.dll
0x00007fff4c1e000007fff4e27c000 	C:\WINDOWS\SYSTEM32\GLU32.dll
0x00007fff665a0000 - 0x00007fff666b5000 	C:\WINDOWS\System32\MSCTF.dll
0x00007fff67710000 - 0x00007fff6783a000 	C:\WINDOWS\System3200007fff4699e000 	C:\WINDOWS\system32\dataexchange.dll
0x00007fff60f30000 - 0x00007fff61194000 	C:\WINDOWS\system32\d3d11.dll
0x00007fff61d20000 - 0x00007fff61f05000 	C:\WINDOWls.jar
Launcher Type: SUN_STANDARD

[Global flags]
     intx CICompilerCount                          = 4                                         {product} {ergonomic}
                               = 1270874112                                {product} {ergonomic}
   size_t MinHeapDeltaBytes                        = 1048576                         {ergonomic}
     bool UseG1GC                                  = true                                      {product} {ergonomic}
     bool UseLargePagesIndividualAllocation    gram Files\MATLAB\R2018b\runtime\win64;C:\Program Files (x86)\Bitvise SSH Client;D:\cmake\bin;D:\vcpkg;D:\Git\cmd;C:\Program Files\nodejs\;C:\ProgramData\chocolatey\bin;H:\texlivMemory: 4k page, system-wide physical 8076M (1245M free)
TotalPageFile size 18987M (AvailPageFile size 277M)
current process WorkingSet (physical memory assigned to process): 3